<?xml version="1.0" encoding="UTF-8"?>
<!-- Generated by org.testng.reporters.JUnitXMLReporter -->
<testsuite hostname="DESKTOP-U5UMDT1" ignored="0" name="Test2" tests="10" failures="0" timestamp="13 Oct 2021 22:48:22 GMT" time="8.051" errors="0">
  <testcase name="validatesigninlink" time="0.885" classname="amazon.tests.Automationpracticesignin"/>
  <testcase name="emailaddress" time="0.178" classname="amazon.tests.Automationpracticesignin"/>
  <testcase name="Createanaccount" time="1.36" classname="amazon.tests.Automationpracticesignin"/>
  <testcase name="Createanaccount2" time="0.246" classname="amazon.tests.Automationpracticesignin"/>
  <testcase name="day" time="0.113" classname="amazon.tests.Automationpracticesignin"/>
  <testcase name="month" time="0.124" classname="amazon.tests.Automationpracticesignin"/>
  <testcase name="year" time="0.361" classname="amazon.tests.Automationpracticesignin"/>
  <testcase name="address" time="0.324" classname="amazon.tests.Automationpracticesignin"/>
  <testcase name="mobilephone" time="0.083" classname="amazon.tests.Automationpracticesignin"/>
  <testcase name="registerbutton" time="2.102" classname="amazon.tests.Automationpracticesignin"/>
</testsuite> <!-- Test2 -->
