<?xml version="1.0" encoding="UTF-8"?>
<!-- Generated by org.testng.reporters.JUnitXMLReporter -->
<testsuite hostname="DESKTOP-U5UMDT1" ignored="0" name="Test1" tests="10" failures="0" timestamp="13 Oct 2021 22:48:14 GMT" time="9.819" errors="0">
  <testcase name="validatesigninlink" time="1.071" classname="amazon.tests.Automationpracticesignin"/>
  <testcase name="emailaddress" time="0.246" classname="amazon.tests.Automationpracticesignin"/>
  <testcase name="Createanaccount" time="1.212" classname="amazon.tests.Automationpracticesignin"/>
  <testcase name="Createanaccount2" time="0.274" classname="amazon.tests.Automationpracticesignin"/>
  <testcase name="day" time="0.153" classname="amazon.tests.Automationpracticesignin"/>
  <testcase name="month" time="0.171" classname="amazon.tests.Automationpracticesignin"/>
  <testcase name="year" time="0.351" classname="amazon.tests.Automationpracticesignin"/>
  <testcase name="address" time="0.402" classname="amazon.tests.Automationpracticesignin"/>
  <testcase name="mobilephone" time="0.103" classname="amazon.tests.Automationpracticesignin"/>
  <testcase name="registerbutton" time="2.821" classname="amazon.tests.Automationpracticesignin"/>
</testsuite> <!-- Test1 -->
